0 info it worked if it ends with ok
1 verbose cli [ '/Users/bastianschnittger/.nvm/versions/node/v6.11.0/bin/node',
1 verbose cli   '/Users/bastianschnittger/.nvm/versions/node/v6.11.0/bin/npm',
1 verbose cli   'start' ]
2 info using npm@3.10.10
3 info using node@v6.11.0
4 verbose run-script [ 'prestart', 'start', 'poststart' ]
5 info lifecycle bpmn-studio@1.2.1~prestart: bpmn-studio@1.2.1
6 silly lifecycle bpmn-studio@1.2.1~prestart: no script for prestart, continuing
7 info lifecycle bpmn-studio@1.2.1~start: bpmn-studio@1.2.1
8 verbose lifecycle bpmn-studio@1.2.1~start: unsafe-perm in lifecycle true
9 verbose lifecycle bpmn-studio@1.2.1~start: PATH: /Users/bastianschnittger/.nvm/versions/node/v6.11.0/lib/node_modules/npm/bin/node-gyp-bin:/Users/bastianschnittger/coding/process_engine_meta/bpmn-studio/node_modules/.bin:/Users/bastianschnittger/.rvm/gems/ruby-2.3.0/bin:/Users/bastianschnittger/.rvm/gems/ruby-2.3.0@global/bin:/Users/bastianschnittger/.rvm/rubies/ruby-2.3.0/bin:/Users/bastianschnittger/bin/Sencha/Cmd:/Users/bastianschnittger/.nvm/versions/node/v6.11.0/bin:/usr/local/bin:/usr/bin:/bin:/usr/sbin:/sbin:/Users/bastianschnittger/.rvm/bin
10 verbose lifecycle bpmn-studio@1.2.1~start: CWD: /Users/bastianschnittger/coding/process_engine_meta/bpmn-studio
11 silly lifecycle bpmn-studio@1.2.1~start: Args: [ '-c', './bin/bpmn-studio.js' ]
12 silly lifecycle bpmn-studio@1.2.1~start: Returned: code: 1  signal: null
13 info lifecycle bpmn-studio@1.2.1~start: Failed to exec start script
14 verbose stack Error: bpmn-studio@1.2.1 start: `./bin/bpmn-studio.js`
14 verbose stack Exit status 1
14 verbose stack     at EventEmitter.<anonymous> (/Users/bastianschnittger/.nvm/versions/node/v6.11.0/lib/node_modules/npm/lib/utils/lifecycle.js:255:16)
14 verbose stack     at emitTwo (events.js:106:13)
14 verbose stack     at EventEmitter.emit (events.js:191:7)
14 verbose stack     at ChildProcess.<anonymous> (/Users/bastianschnittger/.nvm/versions/node/v6.11.0/lib/node_modules/npm/lib/utils/spawn.js:40:14)
14 verbose stack     at emitTwo (events.js:106:13)
14 verbose stack     at ChildProcess.emit (events.js:191:7)
14 verbose stack     at maybeClose (internal/child_process.js:891:16)
14 verbose stack     at Process.ChildProcess._handle.onexit (internal/child_process.js:226:5)
15 verbose pkgid bpmn-studio@1.2.1
16 verbose cwd /Users/bastianschnittger/coding/process_engine_meta/bpmn-studio
17 error Darwin 17.2.0
18 error argv "/Users/bastianschnittger/.nvm/versions/node/v6.11.0/bin/node" "/Users/bastianschnittger/.nvm/versions/node/v6.11.0/bin/npm" "start"
19 error node v6.11.0
20 error npm  v3.10.10
21 error code ELIFECYCLE
22 error bpmn-studio@1.2.1 start: `./bin/bpmn-studio.js`
22 error Exit status 1
23 error Failed at the bpmn-studio@1.2.1 start script './bin/bpmn-studio.js'.
23 error Make sure you have the latest version of node.js and npm installed.
23 error If you do, this is most likely a problem with the bpmn-studio package,
23 error not with npm itself.
23 error Tell the author that this fails on your system:
23 error     ./bin/bpmn-studio.js
23 error You can get information on how to open an issue for this project with:
23 error     npm bugs bpmn-studio
23 error Or if that isn't available, you can get their info via:
23 error     npm owner ls bpmn-studio
23 error There is likely additional logging output above.
24 verbose exit [ 1, true ]
